<?xml version="1.0" encoding="UTF-8"?>
<testng-results ignored="0" total="3" passed="3" failed="0" skipped="0">
  <reporter-output>
  </reporter-output>
  <suite started-at="2022-02-16T15:41:43 IST" name="Default suite" finished-at="2022-02-16T15:41:52 IST" duration-ms="9503">
    <groups>
    </groups>
    <test started-at="2022-02-16T15:41:43 IST" name="Default test" finished-at="2022-02-16T15:41:52 IST" duration-ms="9503">
      <class name="com.qa.opencart.tests.LoginPageTest">
        <test-method is-config="true" signature="setup()[pri:0, instance:com.qa.opencart.tests.LoginPageTest@28f3b248]" started-at="2022-02-16T15:41:43 IST" name="setup" finished-at="2022-02-16T15:41:49 IST" duration-ms="6008" status="PASS">
          <reporter-output>
          </reporter-output>
        </test-method> <!-- setup -->
        <test-method signature="loginPageTitleTest()[pri:1, instance:com.qa.opencart.tests.LoginPageTest@28f3b248]" started-at="2022-02-16T15:41:49 IST" name="loginPageTitleTest" finished-at="2022-02-16T15:41:49 IST" duration-ms="39" status="PASS">
          <reporter-output>
          </reporter-output>
        </test-method> <!-- loginPageTitleTest -->
        <test-method signature="forgotPasswordLinkTest()[pri:2, instance:com.qa.opencart.tests.LoginPageTest@28f3b248]" started-at="2022-02-16T15:41:49 IST" name="forgotPasswordLinkTest" finished-at="2022-02-16T15:41:49 IST" duration-ms="119" status="PASS">
          <reporter-output>
          </reporter-output>
        </test-method> <!-- forgotPasswordLinkTest -->
        <test-method signature="doLoginTest()[pri:3, instance:com.qa.opencart.tests.LoginPageTest@28f3b248]" started-at="2022-02-16T15:41:49 IST" name="doLoginTest" finished-at="2022-02-16T15:41:52 IST" duration-ms="2851" status="PASS">
          <reporter-output>
          </reporter-output>
        </test-method> <!-- doLoginTest -->
        <test-method is-config="true" signature="tearDown()[pri:0, instance:com.qa.opencart.tests.LoginPageTest@28f3b248]" started-at="2022-02-16T15:41:52 IST" name="tearDown" finished-at="2022-02-16T15:41:52 IST" duration-ms="407" status="PASS">
          <reporter-output>
          </reporter-output>
        </test-method> <!-- tearDown -->
      </class> <!-- com.qa.opencart.tests.LoginPageTest -->
    </test> <!-- Default test -->
  </suite> <!-- Default suite -->
</testng-results>
